Flow report for MAX1000_Replica1
Mon Feb 23 16:11:11 2026
Quartus Prime Version 24.1std.0 Build 1077 03/04/2025 SC Lite Edition


---------------------
; Table of Contents ;
---------------------
  1. Legal Notice
  2. Flow Summary
  3. Flow Settings
  4. Flow Non-Default Global Settings
  5. Flow Elapsed Time
  6. Flow OS Summary
  7. Flow Log
  8. Flow Messages
  9. Flow Suppressed Messages



----------------
; Legal Notice ;
----------------
Copyright (C) 2025  Altera Corporation. All rights reserved.
Your use of Altera Corporation's design tools, logic functions 
and other software and tools, and any partner logic 
functions, and any output files from any of the foregoing 
(including device programming or simulation files), and any 
associated documentation or information are expressly subject 
to the terms and conditions of the Altera Program License 
Subscription Agreement, the Altera Quartus Prime License Agreement,
the Altera IP License Agreement, or other applicable license
agreement, including, without limitation, that your use is for
the sole purpose of programming logic devices manufactured by
Altera and sold by Altera or its authorized distributors.  Please
refer to the Altera Software License Subscription Agreements 
on the Quartus Prime software download page.



+--------------------------------------------------------------------------------------+
; Flow Summary                                                                         ;
+------------------------------------+-------------------------------------------------+
; Flow Status                        ; Successful - Mon Feb 23 16:11:07 2026           ;
; Quartus Prime Version              ; 24.1std.0 Build 1077 03/04/2025 SC Lite Edition ;
; Revision Name                      ; MAX1000_Replica1                                ;
; Top-level Entity Name              ; MAX1000_Replica1                                ;
; Family                             ; MAX 10                                          ;
; Device                             ; 10M16SAU169C8G                                  ;
; Timing Models                      ; Final                                           ;
; Total logic elements               ; 1,204 / 15,840 ( 8 % )                          ;
;     Total combinational functions  ; 1,125 / 15,840 ( 7 % )                          ;
;     Dedicated logic registers      ; 390 / 15,840 ( 2 % )                            ;
; Total registers                    ; 390                                             ;
; Total pins                         ; 97 / 130 ( 75 % )                               ;
; Total virtual pins                 ; 0                                               ;
; Total memory bits                  ; 0 / 562,176 ( 0 % )                             ;
; Embedded Multiplier 9-bit elements ; 0 / 90 ( 0 % )                                  ;
; Total PLLs                         ; 1 / 1 ( 100 % )                                 ;
; UFM blocks                         ; 0 / 1 ( 0 % )                                   ;
; ADC blocks                         ; 0 / 1 ( 0 % )                                   ;
+------------------------------------+-------------------------------------------------+


+-----------------------------------------+
; Flow Settings                           ;
+-------------------+---------------------+
; Option            ; Setting             ;
+-------------------+---------------------+
; Start date & time ; 02/23/2026 16:10:39 ;
; Main task         ; Compilation         ;
; Revision Name     ; MAX1000_Replica1    ;
+-------------------+---------------------+


+------------------------------------------------------------------------------------------------------------------------------------------------+
; Flow Non-Default Global Settings                                                                                                               ;
+-------------------------------------+----------------------------------------+---------------+-------------+-----------------------------------+
; Assignment Name                     ; Value                                  ; Default Value ; Entity Name ; Section Id                        ;
+-------------------------------------+----------------------------------------+---------------+-------------+-----------------------------------+
; COMPILER_SIGNATURE_ID               ; 10995770589199.177185943829412         ; --            ; --          ; --                                ;
; EDA_GENERATE_FUNCTIONAL_NETLIST     ; Off                                    ; --            ; --          ; eda_board_design_timing           ;
; EDA_GENERATE_FUNCTIONAL_NETLIST     ; Off                                    ; --            ; --          ; eda_timing_analysis               ;
; EDA_GENERATE_FUNCTIONAL_NETLIST     ; Off                                    ; --            ; --          ; eda_board_design_boundary_scan    ;
; EDA_GENERATE_FUNCTIONAL_NETLIST     ; Off                                    ; --            ; --          ; eda_board_design_signal_integrity ;
; EDA_GENERATE_FUNCTIONAL_NETLIST     ; Off                                    ; --            ; --          ; eda_formal_verification           ;
; EDA_GENERATE_FUNCTIONAL_NETLIST     ; Off                                    ; --            ; --          ; eda_board_design_symbol           ;
; FLOW_ENABLE_POWER_ANALYZER          ; On                                     ; Off           ; --          ; --                                ;
; MAX_CORE_JUNCTION_TEMP              ; 85                                     ; --            ; --          ; --                                ;
; MIN_CORE_JUNCTION_TEMP              ; 0                                      ; --            ; --          ; --                                ;
; MISC_FILE                           ; pll_clock.bsf                          ; --            ; --          ; --                                ;
; MISC_FILE                           ; pll_clock_inst.vhd                     ; --            ; --          ; --                                ;
; MISC_FILE                           ; pll_clock.inc                          ; --            ; --          ; --                                ;
; MISC_FILE                           ; pll_clock.cmp                          ; --            ; --          ; --                                ;
; MISC_FILE                           ; pll_clock.ppf                          ; --            ; --          ; --                                ;
; NUM_PARALLEL_PROCESSORS             ; 24                                     ; --            ; --          ; --                                ;
; OUTPUT_IO_TIMING_FAR_END_VMEAS      ; Half Signal Swing                      ; --            ; --          ; --                                ;
; OUTPUT_IO_TIMING_FAR_END_VMEAS      ; Half Signal Swing                      ; --            ; --          ; --                                ;
; OUTPUT_IO_TIMING_NEAR_END_VMEAS     ; Half Vccio                             ; --            ; --          ; --                                ;
; OUTPUT_IO_TIMING_NEAR_END_VMEAS     ; Half Vccio                             ; --            ; --          ; --                                ;
; PARTITION_COLOR                     ; -- (Not supported for targeted family) ; --            ; --          ; Top                               ;
; PARTITION_FITTER_PRESERVATION_LEVEL ; -- (Not supported for targeted family) ; --            ; --          ; Top                               ;
; PARTITION_NETLIST_TYPE              ; -- (Not supported for targeted family) ; --            ; --          ; Top                               ;
; POWER_BOARD_THERMAL_MODEL           ; None (CONSERVATIVE)                    ; --            ; --          ; --                                ;
; POWER_DEFAULT_INPUT_IO_TOGGLE_RATE  ; 12.5 %                                 ; 12.5%         ; --          ; --                                ;
; POWER_PRESET_COOLING_SOLUTION       ; 23 MM HEAT SINK WITH 200 LFPM AIRFLOW  ; --            ; --          ; --                                ;
; PROJECT_OUTPUT_DIRECTORY            ; output_files                           ; --            ; --          ; --                                ;
+-------------------------------------+----------------------------------------+---------------+-------------+-----------------------------------+


+--------------------------------------------------------------------------------------------------------------------------+
; Flow Elapsed Time                                                                                                        ;
+----------------------+--------------+-------------------------+---------------------+------------------------------------+
; Module Name          ; Elapsed Time ; Average Processors Used ; Peak Virtual Memory ; Total CPU Time (on all processors) ;
+----------------------+--------------+-------------------------+---------------------+------------------------------------+
; Analysis & Synthesis ; 00:00:10     ; 1.0                     ; 5034 MB             ; 00:00:14                           ;
; Fitter               ; 00:00:12     ; 1.4                     ; 6665 MB             ; 00:00:23                           ;
; Assembler            ; 00:00:02     ; 1.0                     ; 4759 MB             ; 00:00:01                           ;
; Power Analyzer       ; 00:00:03     ; 1.4                     ; 5057 MB             ; 00:00:03                           ;
; Timing Analyzer      ; 00:00:03     ; 1.6                     ; 5005 MB             ; 00:00:03                           ;
; Total                ; 00:00:30     ; --                      ; --                  ; 00:00:44                           ;
+----------------------+--------------+-------------------------+---------------------+------------------------------------+


+------------------------------------------------------------------------------------+
; Flow OS Summary                                                                    ;
+----------------------+------------------+------------+------------+----------------+
; Module Name          ; Machine Hostname ; OS Name    ; OS Version ; Processor type ;
+----------------------+------------------+------------+------------+----------------+
; Analysis & Synthesis ; DESKTOP-OT21BPO  ; Windows 10 ; 10.0       ; x86_64         ;
; Fitter               ; DESKTOP-OT21BPO  ; Windows 10 ; 10.0       ; x86_64         ;
; Assembler            ; DESKTOP-OT21BPO  ; Windows 10 ; 10.0       ; x86_64         ;
; Power Analyzer       ; DESKTOP-OT21BPO  ; Windows 10 ; 10.0       ; x86_64         ;
; Timing Analyzer      ; DESKTOP-OT21BPO  ; Windows 10 ; 10.0       ; x86_64         ;
+----------------------+------------------+------------+------------+----------------+


------------
; Flow Log ;
------------
quartus_map --read_settings_files=on --write_settings_files=off MAX1000_Replica1 -c MAX1000_Replica1
quartus_fit --read_settings_files=off --write_settings_files=off MAX1000_Replica1 -c MAX1000_Replica1
quartus_asm --read_settings_files=off --write_settings_files=off MAX1000_Replica1 -c MAX1000_Replica1
quartus_pow --read_settings_files=off --write_settings_files=off MAX1000_Replica1 -c MAX1000_Replica1
quartus_sta MAX1000_Replica1 -c MAX1000_Replica1



